# JRE version: OpenJDK Runtime Environment (8.0_202-b03) (build 1.8.0_202-release-1483-b03)
# Java VM: OpenJDK 64-Bit Server VM (25.202-b03 mixed mode windows-amd64 compressed oops)
Heap:
 PSYoungGen      total 175616K, used 9010K [0x00000000e0000000, 0x00000000edd00000, 0x0000000100000000)
  eden space 154624K, 5% used [0x00000000e0000000,0x00000000e08cca10,0x00000000e9700000)
  from space 20992K, 0% used [0x00000000e9700000,0x00000000e9700000,0x00000000eab80000)
  to   space 24064K, 0% used [0x00000000ec580000,0x00000000ec580000,0x00000000edd00000)
 ParOldGen       total 282112K, used 68543K [0x00000000a0000000, 0x00000000b1380000, 0x00000000e0000000)
  object space 282112K, 24% used [0x00000000a0000000,0x00000000a42efda8,0x00000000b1380000)
 Metaspace       used 69869K, capacity 72048K, committed 72408K, reserved 1112064K
  class space    used 9404K, capacity 9924K, committed 9984K, reserved 1048576K
GC Heap History (10 events):
Event: 11.431 GC heap before
{Heap before GC invocations=13 (full 3):
 PSYoungGen      total 149504K, used 131584K [0x00000000e0000000, 0x00000000ec800000, 0x0000000100000000)
  eden space 131584K, 100% used [0x00000000e0000000,0x00000000e8080000,0x00000000e8080000)
  from space 17920K, 0% used [0x00000000e8080000,0x00000000e8080000,0x00000000e9200000)
  to   space 21504K, 0% used [0x00000000eb300000,0x00000000eb300000,0x00000000ec800000)
 ParOldGen       total 282112K, used 38421K [0x00000000a0000000, 0x00000000b1380000, 0x00000000e0000000)
  object space 282112K, 13% used [0x00000000a0000000,0x00000000a2585400,0x00000000b1380000)
 Metaspace       used 61265K, capacity 63344K, committed 63576K, reserved 1103872K
  class space    used 8267K, capacity 8786K, committed 8832K, reserved 1048576K
Event: 11.452 GC heap after
Heap after GC invocations=13 (full 3):
 PSYoungGen      total 166400K, used 13143K [0x00000000e0000000, 0x00000000ec000000, 0x0000000100000000)
  eden space 153088K, 0% used [0x00000000e0000000,0x00000000e0000000,0x00000000e9580000)
  from space 13312K, 98% used [0x00000000eb300000,0x00000000ebfd5d50,0x00000000ec000000)
  to   space 20992K, 0% used [0x00000000e9700000,0x00000000e9700000,0x00000000eab80000)
 ParOldGen       total 282112K, used 38429K [0x00000000a0000000, 0x00000000b1380000, 0x00000000e0000000)
  object space 282112K, 13% used [0x00000000a0000000,0x00000000a2587400,0x00000000b1380000)
 Metaspace       used 61265K, capacity 63344K, committed 63576K, reserved 1103872K
  class space    used 8267K, capacity 8786K, committed 8832K, reserved 1048576K
}
Event: 13.913 GC heap before
{Heap before GC invocations=14 (full 3):
 PSYoungGen      total 166400K, used 166231K [0x00000000e0000000, 0x00000000ec000000, 0x0000000100000000)
  eden space 153088K, 100% used [0x00000000e0000000,0x00000000e9580000,0x00000000e9580000)
  from space 13312K, 98% used [0x00000000eb300000,0x00000000ebfd5d50,0x00000000ec000000)
  to   space 20992K, 0% used [0x00000000e9700000,0x00000000e9700000,0x00000000eab80000)
 ParOldGen       total 282112K, used 38429K [0x00000000a0000000, 0x00000000b1380000, 0x00000000e0000000)
  object space 282112K, 13% used [0x00000000a0000000,0x00000000a2587400,0x00000000b1380000)
 Metaspace       used 63292K, capacity 65474K, committed 65624K, reserved 1105920K
  class space    used 8527K, capacity 9065K, committed 9088K, reserved 1048576K
Event: 13.952 GC heap after
Heap after GC invocations=14 (full 3):
 PSYoungGen      total 175616K, used 20964K [0x00000000e0000000, 0x00000000edd00000, 0x0000000100000000)
  eden space 154624K, 0% used [0x00000000e0000000,0x00000000e0000000,0x00000000e9700000)
  from space 20992K, 99% used [0x00000000e9700000,0x00000000eab792a0,0x00000000eab80000)
  to   space 24064K, 0% used [0x00000000ec580000,0x00000000ec580000,0x00000000edd00000)
 ParOldGen       total 282112K, used 40645K [0x00000000a0000000, 0x00000000b1380000, 0x00000000e0000000)
  object space 282112K, 14% used [0x00000000a0000000,0x00000000a27b1418,0x00000000b1380000)
 Metaspace       used 63292K, capacity 65474K, committed 65624K, reserved 1105920K
  class space    used 8527K, capacity 9065K, committed 9088K, reserved 1048576K
}
Event: 16.749 GC heap before
{Heap before GC invocations=15 (full 3):
 PSYoungGen      total 175616K, used 175426K [0x00000000e0000000, 0x00000000edd00000, 0x0000000100000000)
  eden space 154624K, 99% used [0x00000000e0000000,0x00000000e96d7920,0x00000000e9700000)
  from space 20992K, 99% used [0x00000000e9700000,0x00000000eab792a0,0x00000000eab80000)
  to   space 24064K, 0% used [0x00000000ec580000,0x00000000ec580000,0x00000000edd00000)
 ParOldGen       total 282112K, used 40645K [0x00000000a0000000, 0x00000000b1380000, 0x00000000e0000000)
  object space 282112K, 14% used [0x00000000a0000000,0x00000000a27b1418,0x00000000b1380000)
 Metaspace       used 65710K, capacity 67924K, committed 68056K, reserved 1107968K
  class space    used 8881K, capacity 9400K, committed 9472K, reserved 1048576K
Event: 16.794 GC heap after
Heap after GC invocations=15 (full 3):
 PSYoungGen      total 178688K, used 24033K [0x00000000e0000000, 0x00000000edd00000, 0x0000000100000000)
  eden space 154624K, 0% used [0x00000000e0000000,0x00000000e0000000,0x00000000e9700000)
  from space 24064K, 99% used [0x00000000ec580000,0x00000000edcf8530,0x00000000edd00000)
  to   space 20992K, 0% used [0x00000000e9700000,0x00000000e9700000,0x00000000eab80000)
 ParOldGen       total 282112K, used 50479K [0x00000000a0000000, 0x00000000b1380000, 0x00000000e0000000)
  object space 282112K, 17% used [0x00000000a0000000,0x00000000a314bdd0,0x00000000b1380000)
 Metaspace       used 65710K, capacity 67924K, committed 68056K, reserved 1107968K
  class space    used 8881K, capacity 9400K, committed 9472K, reserved 1048576K
}
Event: 17.282 GC heap before
{Heap before GC invocations=16 (full 3):
 PSYoungGen      total 178688K, used 54378K [0x00000000e0000000, 0x00000000edd00000, 0x0000000100000000)
  eden space 154624K, 19% used [0x00000000e0000000,0x00000000e1da2578,0x00000000e9700000)
  from space 24064K, 99% used [0x00000000ec580000,0x00000000edcf8530,0x00000000edd00000)
  to   space 20992K, 0% used [0x00000000e9700000,0x00000000e9700000,0x00000000eab80000)
 ParOldGen       total 282112K, used 50479K [0x00000000a0000000, 0x00000000b1380000, 0x00000000e0000000)
  object space 282112K, 17% used [0x00000000a0000000,0x00000000a314bdd0,0x00000000b1380000)
 Metaspace       used 69005K, capacity 71266K, committed 71384K, reserved 1114112K
  class space    used 9354K, capacity 9893K, committed 9984K, reserved 1048576K
Event: 17.315 GC heap after
Heap after GC invocations=16 (full 3):
 PSYoungGen      total 175616K, used 19943K [0x00000000e0000000, 0x00000000edd00000, 0x0000000100000000)
  eden space 154624K, 0% used [0x00000000e0000000,0x00000000e0000000,0x00000000e9700000)
  from space 20992K, 95% used [0x00000000e9700000,0x00000000eaa79f48,0x00000000eab80000)
  to   space 24064K, 0% used [0x00000000ec580000,0x00000000ec580000,0x00000000edd00000)
 ParOldGen       total 282112K, used 57552K [0x00000000a0000000, 0x00000000b1380000, 0x00000000e0000000)
  object space 282112K, 20% used [0x00000000a0000000,0x00000000a3834370,0x00000000b1380000)
 Metaspace       used 69005K, capacity 71266K, committed 71384K, reserved 1114112K
  class space    used 9354K, capacity 9893K, committed 9984K, reserved 1048576K
}
Event: 17.315 GC heap before
{Heap before GC invocations=17 (full 4):
 PSYoungGen      total 175616K, used 19943K [0x00000000e0000000, 0x00000000edd00000, 0x0000000100000000)
  eden space 154624K, 0% used [0x00000000e0000000,0x00000000e0000000,0x00000000e9700000)
  from space 20992K, 95% used [0x00000000e9700000,0x00000000eaa79f48,0x00000000eab80000)
  to   space 24064K, 0% used [0x00000000ec580000,0x00000000ec580000,0x00000000edd00000)
 ParOldGen       total 282112K, used 57552K [0x00000000a0000000, 0x00000000b1380000, 0x00000000e0000000)
  object space 282112K, 20% used [0x00000000a0000000,0x00000000a3834370,0x00000000b1380000)
 Metaspace       used 69005K, capacity 71266K, committed 71384K, reserved 1114112K
  class space    used 9354K, capacity 9893K, committed 9984K, reserved 1048576K
Event: 17.606 GC heap after
Heap after GC invocations=17 (full 4):
 PSYoungGen      total 175616K, used 0K [0x00000000e0000000, 0x00000000edd00000, 0x0000000100000000)
  eden space 154624K, 0% used [0x00000000e0000000,0x00000000e0000000,0x00000000e9700000)
  from space 20992K, 0% used [0x00000000e9700000,0x00000000e9700000,0x00000000eab80000)
  to   space 24064K, 0% used [0x00000000ec580000,0x00000000ec580000,0x00000000edd00000)
 ParOldGen       total 282112K, used 68543K [0x00000000a0000000, 0x00000000b1380000, 0x00000000e0000000)
  object space 282112K, 24% used [0x00000000a0000000,0x00000000a42efda8,0x00000000b1380000)
 Metaspace       used 68946K, capacity 71088K, committed 71384K, reserved 1112064K
  class space    used 9336K, capacity 9860K, committed 9984K, reserved 1048576K
}

