# JRE version: OpenJDK Runtime Environment (8.0_202-b03) (build 1.8.0_202-release-1483-b03)
# Java VM: OpenJDK 64-Bit Server VM (25.202-b03 mixed mode windows-amd64 compressed oops)
Heap:
 PSYoungGen      total 170496K, used 111920K [0x00000000e0000000, 0x00000000ee600000, 0x0000000100000000)
  eden space 156672K, 73% used [0x00000000e0000000,0x00000000e6fe9c88,0x00000000e9900000)
  from space 13824K, 0% used [0x00000000ea680000,0x00000000ea680000,0x00000000eb400000)
  to   space 13824K, 0% used [0x00000000e9900000,0x00000000e9900000,0x00000000ea680000)
 ParOldGen       total 109568K, used 17716K [0x00000000a0000000, 0x00000000a6b00000, 0x00000000e0000000)
  object space 109568K, 16% used [0x00000000a0000000,0x00000000a114d100,0x00000000a6b00000)
 Metaspace       used 45894K, capacity 46944K, committed 47232K, reserved 1089536K
  class space    used 6151K, capacity 6440K, committed 6528K, reserved 1048576K
GC Heap History (10 events):
Event: 3.079 GC heap before
{Heap before GC invocations=4 (full 1):
 PSYoungGen      total 76288K, used 10745K [0x00000000e0000000, 0x00000000e9500000, 0x0000000100000000)
  eden space 65536K, 0% used [0x00000000e0000000,0x00000000e0000000,0x00000000e4000000)
  from space 10752K, 99% used [0x00000000e4000000,0x00000000e4a7e740,0x00000000e4a80000)
  to   space 10752K, 0% used [0x00000000e8a80000,0x00000000e8a80000,0x00000000e9500000)
 ParOldGen       total 175104K, used 1063K [0x00000000a0000000, 0x00000000aab00000, 0x00000000e0000000)
  object space 175104K, 0% used [0x00000000a0000000,0x00000000a0109e30,0x00000000aab00000)
 Metaspace       used 20679K, capacity 21150K, committed 21296K, reserved 1067008K
  class space    used 2954K, capacity 3119K, committed 3200K, reserved 1048576K
Event: 3.121 GC heap after
Heap after GC invocations=4 (full 1):
 PSYoungGen      total 76288K, used 0K [0x00000000e0000000, 0x00000000e9500000, 0x0000000100000000)
  eden space 65536K, 0% used [0x00000000e0000000,0x00000000e0000000,0x00000000e4000000)
  from space 10752K, 0% used [0x00000000e4000000,0x00000000e4000000,0x00000000e4a80000)
  to   space 10752K, 0% used [0x00000000e8a80000,0x00000000e8a80000,0x00000000e9500000)
 ParOldGen       total 109568K, used 11484K [0x00000000a0000000, 0x00000000a6b00000, 0x00000000e0000000)
  object space 109568K, 10% used [0x00000000a0000000,0x00000000a0b373f0,0x00000000a6b00000)
 Metaspace       used 20679K, capacity 21150K, committed 21296K, reserved 1067008K
  class space    used 2954K, capacity 3119K, committed 3200K, reserved 1048576K
}
Event: 3.943 GC heap before
{Heap before GC invocations=5 (full 1):
 PSYoungGen      total 76288K, used 65536K [0x00000000e0000000, 0x00000000e9500000, 0x0000000100000000)
  eden space 65536K, 100% used [0x00000000e0000000,0x00000000e4000000,0x00000000e4000000)
  from space 10752K, 0% used [0x00000000e4000000,0x00000000e4000000,0x00000000e4a80000)
  to   space 10752K, 0% used [0x00000000e8a80000,0x00000000e8a80000,0x00000000e9500000)
 ParOldGen       total 109568K, used 11484K [0x00000000a0000000, 0x00000000a6b00000, 0x00000000e0000000)
  object space 109568K, 10% used [0x00000000a0000000,0x00000000a0b373f0,0x00000000a6b00000)
 Metaspace       used 28871K, capacity 29458K, committed 29696K, reserved 1075200K
  class space    used 3893K, capacity 4064K, committed 4096K, reserved 1048576K
Event: 3.958 GC heap after
Heap after GC invocations=5 (full 1):
 PSYoungGen      total 109056K, used 7851K [0x00000000e0000000, 0x00000000e9280000, 0x0000000100000000)
  eden space 100864K, 0% used [0x00000000e0000000,0x00000000e0000000,0x00000000e6280000)
  from space 8192K, 95% used [0x00000000e8a80000,0x00000000e922acb0,0x00000000e9280000)
  to   space 10752K, 0% used [0x00000000e7d80000,0x00000000e7d80000,0x00000000e8800000)
 ParOldGen       total 109568K, used 11484K [0x00000000a0000000, 0x00000000a6b00000, 0x00000000e0000000)
  object space 109568K, 10% used [0x00000000a0000000,0x00000000a0b373f0,0x00000000a6b00000)
 Metaspace       used 28871K, capacity 29458K, committed 29696K, reserved 1075200K
  class space    used 3893K, capacity 4064K, committed 4096K, reserved 1048576K
}
Event: 5.082 GC heap before
{Heap before GC invocations=6 (full 1):
 PSYoungGen      total 109056K, used 108715K [0x00000000e0000000, 0x00000000e9280000, 0x0000000100000000)
  eden space 100864K, 100% used [0x00000000e0000000,0x00000000e6280000,0x00000000e6280000)
  from space 8192K, 95% used [0x00000000e8a80000,0x00000000e922acb0,0x00000000e9280000)
  to   space 10752K, 0% used [0x00000000e7d80000,0x00000000e7d80000,0x00000000e8800000)
 ParOldGen       total 109568K, used 11484K [0x00000000a0000000, 0x00000000a6b00000, 0x00000000e0000000)
  object space 109568K, 10% used [0x00000000a0000000,0x00000000a0b373f0,0x00000000a6b00000)
 Metaspace       used 33895K, capacity 34588K, committed 34944K, reserved 1079296K
  class space    used 4658K, capacity 4869K, committed 4992K, reserved 1048576K
Event: 5.104 GC heap after
Heap after GC invocations=6 (full 1):
 PSYoungGen      total 139264K, used 10750K [0x00000000e0000000, 0x00000000eb400000, 0x0000000100000000)
  eden space 128512K, 0% used [0x00000000e0000000,0x00000000e0000000,0x00000000e7d80000)
  from space 10752K, 99% used [0x00000000e7d80000,0x00000000e87ff960,0x00000000e8800000)
  to   space 13824K, 0% used [0x00000000ea680000,0x00000000ea680000,0x00000000eb400000)
 ParOldGen       total 109568K, used 11999K [0x00000000a0000000, 0x00000000a6b00000, 0x00000000e0000000)
  object space 109568K, 10% used [0x00000000a0000000,0x00000000a0bb7fb0,0x00000000a6b00000)
 Metaspace       used 33895K, capacity 34588K, committed 34944K, reserved 1079296K
  class space    used 4658K, capacity 4869K, committed 4992K, reserved 1048576K
}
Event: 5.497 GC heap before
{Heap before GC invocations=7 (full 1):
 PSYoungGen      total 139264K, used 41358K [0x00000000e0000000, 0x00000000eb400000, 0x0000000100000000)
  eden space 128512K, 23% used [0x00000000e0000000,0x00000000e1de4200,0x00000000e7d80000)
  from space 10752K, 99% used [0x00000000e7d80000,0x00000000e87ff960,0x00000000e8800000)
  to   space 13824K, 0% used [0x00000000ea680000,0x00000000ea680000,0x00000000eb400000)
 ParOldGen       total 109568K, used 11999K [0x00000000a0000000, 0x00000000a6b00000, 0x00000000e0000000)
  object space 109568K, 10% used [0x00000000a0000000,0x00000000a0bb7fb0,0x00000000a6b00000)
 Metaspace       used 34623K, capacity 35386K, committed 35456K, reserved 1079296K
  class space    used 4763K, capacity 4978K, committed 4992K, reserved 1048576K
Event: 5.512 GC heap after
Heap after GC invocations=7 (full 1):
 PSYoungGen      total 170496K, used 10787K [0x00000000e0000000, 0x00000000ee600000, 0x0000000100000000)
  eden space 156672K, 0% used [0x00000000e0000000,0x00000000e0000000,0x00000000e9900000)
  from space 13824K, 78% used [0x00000000ea680000,0x00000000eb108e00,0x00000000eb400000)
  to   space 13824K, 0% used [0x00000000e9900000,0x00000000e9900000,0x00000000ea680000)
 ParOldGen       total 109568K, used 12007K [0x00000000a0000000, 0x00000000a6b00000, 0x00000000e0000000)
  object space 109568K, 10% used [0x00000000a0000000,0x00000000a0bb9fb0,0x00000000a6b00000)
 Metaspace       used 34623K, capacity 35386K, committed 35456K, reserved 1079296K
  class space    used 4763K, capacity 4978K, committed 4992K, reserved 1048576K
}
Event: 5.512 GC heap before
{Heap before GC invocations=8 (full 2):
 PSYoungGen      total 170496K, used 10787K [0x00000000e0000000, 0x00000000ee600000, 0x0000000100000000)
  eden space 156672K, 0% used [0x00000000e0000000,0x00000000e0000000,0x00000000e9900000)
  from space 13824K, 78% used [0x00000000ea680000,0x00000000eb108e00,0x00000000eb400000)
  to   space 13824K, 0% used [0x00000000e9900000,0x00000000e9900000,0x00000000ea680000)
 ParOldGen       total 109568K, used 12007K [0x00000000a0000000, 0x00000000a6b00000, 0x00000000e0000000)
  object space 109568K, 10% used [0x00000000a0000000,0x00000000a0bb9fb0,0x00000000a6b00000)
 Metaspace       used 34623K, capacity 35386K, committed 35456K, reserved 1079296K
  class space    used 4763K, capacity 4978K, committed 4992K, reserved 1048576K
Event: 5.628 GC heap after
Heap after GC invocations=8 (full 2):
 PSYoungGen      total 170496K, used 0K [0x00000000e0000000, 0x00000000ee600000, 0x0000000100000000)
  eden space 156672K, 0% used [0x00000000e0000000,0x00000000e0000000,0x00000000e9900000)
  from space 13824K, 0% used [0x00000000ea680000,0x00000000ea680000,0x00000000eb400000)
  to   space 13824K, 0% used [0x00000000e9900000,0x00000000e9900000,0x00000000ea680000)
 ParOldGen       total 109568K, used 17716K [0x00000000a0000000, 0x00000000a6b00000, 0x00000000e0000000)
  object space 109568K, 16% used [0x00000000a0000000,0x00000000a114d100,0x00000000a6b00000)
 Metaspace       used 34622K, capacity 35380K, committed 35456K, reserved 1079296K
  class space    used 4762K, capacity 4977K, committed 4992K, reserved 1048576K
}

