# JRE version: OpenJDK Runtime Environment (8.0_202-b03) (build 1.8.0_202-release-1483-b03)
# Java VM: OpenJDK 64-Bit Server VM (25.202-b03 mixed mode windows-amd64 compressed oops)
Heap:
 PSYoungGen      total 225280K, used 125368K [0x00000000e0000000, 0x00000000f1600000, 0x0000000100000000)
  eden space 202240K, 53% used [0x00000000e0000000,0x00000000e68de810,0x00000000ec580000)
  from space 23040K, 78% used [0x00000000ec580000,0x00000000ed70faf8,0x00000000edc00000)
  to   space 24064K, 0% used [0x00000000efe80000,0x00000000efe80000,0x00000000f1600000)
 ParOldGen       total 270336K, used 41769K [0x00000000a0000000, 0x00000000b0800000, 0x00000000e0000000)
  object space 270336K, 15% used [0x00000000a0000000,0x00000000a28ca470,0x00000000b0800000)
 Metaspace       used 63351K, capacity 65670K, committed 65880K, reserved 1105920K
  class space    used 8544K, capacity 9085K, committed 9088K, reserved 1048576K
GC Heap History (10 events):
Event: 5.290 GC heap before
{Heap before GC invocations=8 (full 2):
 PSYoungGen      total 161280K, used 10933K [0x00000000e0000000, 0x00000000eeb80000, 0x0000000100000000)
  eden space 146944K, 0% used [0x00000000e0000000,0x00000000e0000000,0x00000000e8f80000)
  from space 14336K, 76% used [0x00000000e9d80000,0x00000000ea82d4d8,0x00000000eab80000)
  to   space 14336K, 0% used [0x00000000e8f80000,0x00000000e8f80000,0x00000000e9d80000)
 ParOldGen       total 113664K, used 12409K [0x00000000a0000000, 0x00000000a6f00000, 0x00000000e0000000)
  object space 113664K, 10% used [0x00000000a0000000,0x00000000a0c1e6c8,0x00000000a6f00000)
 Metaspace       used 34626K, capacity 35390K, committed 35456K, reserved 1079296K
  class space    used 4763K, capacity 4982K, committed 4992K, reserved 1048576K
Event: 5.405 GC heap after
Heap after GC invocations=8 (full 2):
 PSYoungGen      total 161280K, used 0K [0x00000000e0000000, 0x00000000eeb80000, 0x0000000100000000)
  eden space 146944K, 0% used [0x00000000e0000000,0x00000000e0000000,0x00000000e8f80000)
  from space 14336K, 0% used [0x00000000e9d80000,0x00000000e9d80000,0x00000000eab80000)
  to   space 14336K, 0% used [0x00000000e8f80000,0x00000000e8f80000,0x00000000e9d80000)
 ParOldGen       total 176640K, used 17898K [0x00000000a0000000, 0x00000000aac80000, 0x00000000e0000000)
  object space 176640K, 10% used [0x00000000a0000000,0x00000000a117aa70,0x00000000aac80000)
 Metaspace       used 34618K, capacity 35360K, committed 35456K, reserved 1079296K
  class space    used 4760K, capacity 4977K, committed 4992K, reserved 1048576K
}
Event: 7.138 GC heap before
{Heap before GC invocations=9 (full 2):
 PSYoungGen      total 161280K, used 146944K [0x00000000e0000000, 0x00000000eeb80000, 0x0000000100000000)
  eden space 146944K, 100% used [0x00000000e0000000,0x00000000e8f80000,0x00000000e8f80000)
  from space 14336K, 0% used [0x00000000e9d80000,0x00000000e9d80000,0x00000000eab80000)
  to   space 14336K, 0% used [0x00000000e8f80000,0x00000000e8f80000,0x00000000e9d80000)
 ParOldGen       total 176640K, used 17898K [0x00000000a0000000, 0x00000000aac80000, 0x00000000e0000000)
  object space 176640K, 10% used [0x00000000a0000000,0x00000000a117aa70,0x00000000aac80000)
 Metaspace       used 46487K, capacity 47520K, committed 47872K, reserved 1091584K
  class space    used 6246K, capacity 6551K, committed 6656K, reserved 1048576K
Event: 7.158 GC heap after
Heap after GC invocations=9 (full 2):
 PSYoungGen      total 161280K, used 14316K [0x00000000e0000000, 0x00000000eed80000, 0x0000000100000000)
  eden space 146944K, 0% used [0x00000000e0000000,0x00000000e0000000,0x00000000e8f80000)
  from space 14336K, 99% used [0x00000000e8f80000,0x00000000e9d7b288,0x00000000e9d80000)
  to   space 17920K, 0% used [0x00000000edc00000,0x00000000edc00000,0x00000000eed80000)
 ParOldGen       total 176640K, used 21490K [0x00000000a0000000, 0x00000000aac80000, 0x00000000e0000000)
  object space 176640K, 12% used [0x00000000a0000000,0x00000000a14fc880,0x00000000aac80000)
 Metaspace       used 46487K, capacity 47520K, committed 47872K, reserved 1091584K
  class space    used 6246K, capacity 6551K, committed 6656K, reserved 1048576K
}
Event: 8.922 GC heap before
{Heap before GC invocations=10 (full 2):
 PSYoungGen      total 161280K, used 157739K [0x00000000e0000000, 0x00000000eed80000, 0x0000000100000000)
  eden space 146944K, 97% used [0x00000000e0000000,0x00000000e8c0fbe8,0x00000000e8f80000)
  from space 14336K, 99% used [0x00000000e8f80000,0x00000000e9d7b288,0x00000000e9d80000)
  to   space 17920K, 0% used [0x00000000edc00000,0x00000000edc00000,0x00000000eed80000)
 ParOldGen       total 176640K, used 21490K [0x00000000a0000000, 0x00000000aac80000, 0x00000000e0000000)
  object space 176640K, 12% used [0x00000000a0000000,0x00000000a14fc880,0x00000000aac80000)
 Metaspace       used 57383K, capacity 59002K, committed 59096K, reserved 1099776K
  class space    used 7746K, capacity 8177K, committed 8192K, reserved 1048576K
Event: 8.951 GC heap after
Heap after GC invocations=10 (full 2):
 PSYoungGen      total 220160K, used 17915K [0x00000000e0000000, 0x00000000ef580000, 0x0000000100000000)
  eden space 202240K, 0% used [0x00000000e0000000,0x00000000e0000000,0x00000000ec580000)
  from space 17920K, 99% used [0x00000000edc00000,0x00000000eed7ef18,0x00000000eed80000)
  to   space 23040K, 0% used [0x00000000ec580000,0x00000000ec580000,0x00000000edc00000)
 ParOldGen       total 176640K, used 28926K [0x00000000a0000000, 0x00000000aac80000, 0x00000000e0000000)
  object space 176640K, 16% used [0x00000000a0000000,0x00000000a1c3f820,0x00000000aac80000)
 Metaspace       used 57383K, capacity 59002K, committed 59096K, reserved 1099776K
  class space    used 7746K, capacity 8177K, committed 8192K, reserved 1048576K
}
Event: 8.951 GC heap before
{Heap before GC invocations=11 (full 3):
 PSYoungGen      total 220160K, used 17915K [0x00000000e0000000, 0x00000000ef580000, 0x0000000100000000)
  eden space 202240K, 0% used [0x00000000e0000000,0x00000000e0000000,0x00000000ec580000)
  from space 17920K, 99% used [0x00000000edc00000,0x00000000eed7ef18,0x00000000eed80000)
  to   space 23040K, 0% used [0x00000000ec580000,0x00000000ec580000,0x00000000edc00000)
 ParOldGen       total 176640K, used 28926K [0x00000000a0000000, 0x00000000aac80000, 0x00000000e0000000)
  object space 176640K, 16% used [0x00000000a0000000,0x00000000a1c3f820,0x00000000aac80000)
 Metaspace       used 57383K, capacity 59002K, committed 59096K, reserved 1099776K
  class space    used 7746K, capacity 8177K, committed 8192K, reserved 1048576K
Event: 9.226 GC heap after
Heap after GC invocations=11 (full 3):
 PSYoungGen      total 220160K, used 0K [0x00000000e0000000, 0x00000000ef580000, 0x0000000100000000)
  eden space 202240K, 0% used [0x00000000e0000000,0x00000000e0000000,0x00000000ec580000)
  from space 17920K, 0% used [0x00000000edc00000,0x00000000edc00000,0x00000000eed80000)
  to   space 23040K, 0% used [0x00000000ec580000,0x00000000ec580000,0x00000000edc00000)
 ParOldGen       total 270336K, used 41761K [0x00000000a0000000, 0x00000000b0800000, 0x00000000e0000000)
  object space 270336K, 15% used [0x00000000a0000000,0x00000000a28c8470,0x00000000b0800000)
 Metaspace       used 57383K, capacity 59002K, committed 59096K, reserved 1099776K
  class space    used 7746K, capacity 8177K, committed 8192K, reserved 1048576K
}
Event: 12.028 GC heap before
{Heap before GC invocations=12 (full 3):
 PSYoungGen      total 220160K, used 202240K [0x00000000e0000000, 0x00000000ef580000, 0x0000000100000000)
  eden space 202240K, 100% used [0x00000000e0000000,0x00000000ec580000,0x00000000ec580000)
  from space 17920K, 0% used [0x00000000edc00000,0x00000000edc00000,0x00000000eed80000)
  to   space 23040K, 0% used [0x00000000ec580000,0x00000000ec580000,0x00000000edc00000)
 ParOldGen       total 270336K, used 41761K [0x00000000a0000000, 0x00000000b0800000, 0x00000000e0000000)
  object space 270336K, 15% used [0x00000000a0000000,0x00000000a28c8470,0x00000000b0800000)
 Metaspace       used 62235K, capacity 64326K, committed 64472K, reserved 1105920K
  class space    used 8395K, capacity 8921K, committed 8960K, reserved 1048576K
Event: 12.057 GC heap after
Heap after GC invocations=12 (full 3):
 PSYoungGen      total 225280K, used 17982K [0x00000000e0000000, 0x00000000f1600000, 0x0000000100000000)
  eden space 202240K, 0% used [0x00000000e0000000,0x00000000e0000000,0x00000000ec580000)
  from space 23040K, 78% used [0x00000000ec580000,0x00000000ed70faf8,0x00000000edc00000)
  to   space 24064K, 0% used [0x00000000efe80000,0x00000000efe80000,0x00000000f1600000)
 ParOldGen       total 270336K, used 41769K [0x00000000a0000000, 0x00000000b0800000, 0x00000000e0000000)
  object space 270336K, 15% used [0x00000000a0000000,0x00000000a28ca470,0x00000000b0800000)
 Metaspace       used 62235K, capacity 64326K, committed 64472K, reserved 1105920K
  class space    used 8395K, capacity 8921K, committed 8960K, reserved 1048576K
}

