# JRE version: OpenJDK Runtime Environment (8.0_202-b03) (build 1.8.0_202-release-1483-b03)
# Java VM: OpenJDK 64-Bit Server VM (25.202-b03 mixed mode windows-amd64 compressed oops)
Heap:
 PSYoungGen      total 315904K, used 228662K [0x00000000e0000000, 0x00000000f7900000, 0x0000000100000000)
  eden space 260608K, 66% used [0x00000000e0000000,0x00000000ea952580,0x00000000efe80000)
  from space 55296K, 99% used [0x00000000f4300000,0x00000000f78fb4f8,0x00000000f7900000)
  to   space 55808K, 0% used [0x00000000efe80000,0x00000000efe80000,0x00000000f3500000)
 ParOldGen       total 256000K, used 189681K [0x00000000a0000000, 0x00000000afa00000, 0x00000000e0000000)
  object space 256000K, 74% used [0x00000000a0000000,0x00000000ab93c430,0x00000000afa00000)
 Metaspace       used 79218K, capacity 81100K, committed 82136K, reserved 1124352K
  class space    used 10286K, capacity 10775K, committed 11008K, reserved 1048576K
GC Heap History (10 events):
Event: 18.444 GC heap before
{Heap before GC invocations=18 (full 4):
 PSYoungGen      total 316416K, used 0K [0x00000000e0000000, 0x00000000f9080000, 0x0000000100000000)
  eden space 260608K, 0% used [0x00000000e0000000,0x00000000e0000000,0x00000000efe80000)
  from space 55808K, 0% used [0x00000000efe80000,0x00000000efe80000,0x00000000f3500000)
  to   space 29696K, 0% used [0x00000000f3500000,0x00000000f3500000,0x00000000f5200000)
 ParOldGen       total 256000K, used 131859K [0x00000000a0000000, 0x00000000afa00000, 0x00000000e0000000)
  object space 256000K, 51% used [0x00000000a0000000,0x00000000a80c4dd8,0x00000000afa00000)
 Metaspace       used 73169K, capacity 75236K, committed 75608K, reserved 1122304K
  class space    used 9709K, capacity 10218K, committed 10368K, reserved 1048576K
Event: 18.446 GC heap after
Heap after GC invocations=18 (full 4):
 PSYoungGen      total 290304K, used 0K [0x00000000e0000000, 0x00000000f9080000, 0x0000000100000000)
  eden space 260608K, 0% used [0x00000000e0000000,0x00000000e0000000,0x00000000efe80000)
  from space 29696K, 0% used [0x00000000f3500000,0x00000000f3500000,0x00000000f5200000)
  to   space 55808K, 0% used [0x00000000efe80000,0x00000000efe80000,0x00000000f3500000)
 ParOldGen       total 256000K, used 131859K [0x00000000a0000000, 0x00000000afa00000, 0x00000000e0000000)
  object space 256000K, 51% used [0x00000000a0000000,0x00000000a80c4dd8,0x00000000afa00000)
 Metaspace       used 73169K, capacity 75236K, committed 75608K, reserved 1122304K
  class space    used 9709K, capacity 10218K, committed 10368K, reserved 1048576K
}
Event: 18.446 GC heap before
{Heap before GC invocations=19 (full 5):
 PSYoungGen      total 290304K, used 0K [0x00000000e0000000, 0x00000000f9080000, 0x0000000100000000)
  eden space 260608K, 0% used [0x00000000e0000000,0x00000000e0000000,0x00000000efe80000)
  from space 29696K, 0% used [0x00000000f3500000,0x00000000f3500000,0x00000000f5200000)
  to   space 55808K, 0% used [0x00000000efe80000,0x00000000efe80000,0x00000000f3500000)
 ParOldGen       total 256000K, used 131859K [0x00000000a0000000, 0x00000000afa00000, 0x00000000e0000000)
  object space 256000K, 51% used [0x00000000a0000000,0x00000000a80c4dd8,0x00000000afa00000)
 Metaspace       used 73169K, capacity 75236K, committed 75608K, reserved 1122304K
  class space    used 9709K, capacity 10218K, committed 10368K, reserved 1048576K
Event: 18.832 GC heap after
Heap after GC invocations=19 (full 5):
 PSYoungGen      total 290304K, used 0K [0x00000000e0000000, 0x00000000f9080000, 0x0000000100000000)
  eden space 260608K, 0% used [0x00000000e0000000,0x00000000e0000000,0x00000000efe80000)
  from space 29696K, 0% used [0x00000000f3500000,0x00000000f3500000,0x00000000f5200000)
  to   space 55808K, 0% used [0x00000000efe80000,0x00000000efe80000,0x00000000f3500000)
 ParOldGen       total 256000K, used 112416K [0x00000000a0000000, 0x00000000afa00000, 0x00000000e0000000)
  object space 256000K, 43% used [0x00000000a0000000,0x00000000a6dc8088,0x00000000afa00000)
 Metaspace       used 72709K, capacity 74444K, committed 75608K, reserved 1118208K
  class space    used 9608K, capacity 10043K, committed 10368K, reserved 1048576K
}
Event: 18.885 GC heap before
{Heap before GC invocations=20 (full 5):
 PSYoungGen      total 290304K, used 12354K [0x00000000e0000000, 0x00000000f9080000, 0x0000000100000000)
  eden space 260608K, 4% used [0x00000000e0000000,0x00000000e0c10a58,0x00000000efe80000)
  from space 29696K, 0% used [0x00000000f3500000,0x00000000f3500000,0x00000000f5200000)
  to   space 55808K, 0% used [0x00000000efe80000,0x00000000efe80000,0x00000000f3500000)
 ParOldGen       total 256000K, used 112416K [0x00000000a0000000, 0x00000000afa00000, 0x00000000e0000000)
  object space 256000K, 43% used [0x00000000a0000000,0x00000000a6dc8088,0x00000000afa00000)
 Metaspace       used 73289K, capacity 75052K, committed 76120K, reserved 1122304K
  class space    used 9676K, capacity 10139K, committed 10368K, reserved 1048576K
Event: 18.888 GC heap after
Heap after GC invocations=20 (full 5):
 PSYoungGen      total 316416K, used 592K [0x00000000e0000000, 0x00000000f7900000, 0x0000000100000000)
  eden space 260608K, 0% used [0x00000000e0000000,0x00000000e0000000,0x00000000efe80000)
  from space 55808K, 1% used [0x00000000efe80000,0x00000000eff14128,0x00000000f3500000)
  to   space 55296K, 0% used [0x00000000f4300000,0x00000000f4300000,0x00000000f7900000)
 ParOldGen       total 256000K, used 112416K [0x00000000a0000000, 0x00000000afa00000, 0x00000000e0000000)
  object space 256000K, 43% used [0x00000000a0000000,0x00000000a6dc8088,0x00000000afa00000)
 Metaspace       used 73289K, capacity 75052K, committed 76120K, reserved 1122304K
  class space    used 9676K, capacity 10139K, committed 10368K, reserved 1048576K
}
Event: 18.888 GC heap before
{Heap before GC invocations=21 (full 6):
 PSYoungGen      total 316416K, used 592K [0x00000000e0000000, 0x00000000f7900000, 0x0000000100000000)
  eden space 260608K, 0% used [0x00000000e0000000,0x00000000e0000000,0x00000000efe80000)
  from space 55808K, 1% used [0x00000000efe80000,0x00000000eff14128,0x00000000f3500000)
  to   space 55296K, 0% used [0x00000000f4300000,0x00000000f4300000,0x00000000f7900000)
 ParOldGen       total 256000K, used 112416K [0x00000000a0000000, 0x00000000afa00000, 0x00000000e0000000)
  object space 256000K, 43% used [0x00000000a0000000,0x00000000a6dc8088,0x00000000afa00000)
 Metaspace       used 73289K, capacity 75052K, committed 76120K, reserved 1122304K
  class space    used 9676K, capacity 10139K, committed 10368K, reserved 1048576K
Event: 19.091 GC heap after
Heap after GC invocations=21 (full 6):
 PSYoungGen      total 316416K, used 0K [0x00000000e0000000, 0x00000000f7900000, 0x0000000100000000)
  eden space 260608K, 0% used [0x00000000e0000000,0x00000000e0000000,0x00000000efe80000)
  from space 55808K, 0% used [0x00000000efe80000,0x00000000efe80000,0x00000000f3500000)
  to   space 55296K, 0% used [0x00000000f4300000,0x00000000f4300000,0x00000000f7900000)
 ParOldGen       total 256000K, used 107908K [0x00000000a0000000, 0x00000000afa00000, 0x00000000e0000000)
  object space 256000K, 42% used [0x00000000a0000000,0x00000000a6961398,0x00000000afa00000)
 Metaspace       used 73289K, capacity 75052K, committed 76120K, reserved 1120256K
  class space    used 9676K, capacity 10139K, committed 10368K, reserved 1048576K
}
Event: 20.610 GC heap before
{Heap before GC invocations=22 (full 6):
 PSYoungGen      total 316416K, used 260608K [0x00000000e0000000, 0x00000000f7900000, 0x0000000100000000)
  eden space 260608K, 100% used [0x00000000e0000000,0x00000000efe80000,0x00000000efe80000)
  from space 55808K, 0% used [0x00000000efe80000,0x00000000efe80000,0x00000000f3500000)
  to   space 55296K, 0% used [0x00000000f4300000,0x00000000f4300000,0x00000000f7900000)
 ParOldGen       total 256000K, used 107908K [0x00000000a0000000, 0x00000000afa00000, 0x00000000e0000000)
  object space 256000K, 42% used [0x00000000a0000000,0x00000000a6961398,0x00000000afa00000)
 Metaspace       used 78346K, capacity 80236K, committed 81368K, reserved 1124352K
  class space    used 10245K, capacity 10743K, committed 11008K, reserved 1048576K
Event: 20.720 GC heap after
Heap after GC invocations=22 (full 6):
 PSYoungGen      total 315904K, used 55277K [0x00000000e0000000, 0x00000000f7900000, 0x0000000100000000)
  eden space 260608K, 0% used [0x00000000e0000000,0x00000000e0000000,0x00000000efe80000)
  from space 55296K, 99% used [0x00000000f4300000,0x00000000f78fb4f8,0x00000000f7900000)
  to   space 55808K, 0% used [0x00000000efe80000,0x00000000efe80000,0x00000000f3500000)
 ParOldGen       total 256000K, used 189681K [0x00000000a0000000, 0x00000000afa00000, 0x00000000e0000000)
  object space 256000K, 74% used [0x00000000a0000000,0x00000000ab93c430,0x00000000afa00000)
 Metaspace       used 78346K, capacity 80236K, committed 81368K, reserved 1124352K
  class space    used 10245K, capacity 10743K, committed 11008K, reserved 1048576K
}

