# JRE version: OpenJDK Runtime Environment (8.0_202-b03) (build 1.8.0_202-release-1483-b03)
# Java VM: OpenJDK 64-Bit Server VM (25.202-b03 mixed mode windows-amd64 compressed oops)
Heap:
 PSYoungGen      total 387072K, used 4164K [0x00000000e0000000, 0x00000000fd200000, 0x0000000100000000)
  eden space 338944K, 1% used [0x00000000e0000000,0x00000000e04111d0,0x00000000f4b00000)
  from space 48128K, 0% used [0x00000000f4b00000,0x00000000f4b00000,0x00000000f7a00000)
  to   space 46592K, 0% used [0x00000000fa480000,0x00000000fa480000,0x00000000fd200000)
 ParOldGen       total 276480K, used 269207K [0x00000000a0000000, 0x00000000b0e00000, 0x00000000e0000000)
  object space 276480K, 97% used [0x00000000a0000000,0x00000000b06e5c48,0x00000000b0e00000)
 Metaspace       used 100313K, capacity 104232K, committed 104640K, reserved 1140736K
  class space    used 12851K, capacity 13713K, committed 13824K, reserved 1048576K
GC Heap History (10 events):
Event: 143.797 GC heap before
{Heap before GC invocations=19 (full 3):
 PSYoungGen      total 387072K, used 353602K [0x00000000e0000000, 0x00000000fd200000, 0x0000000100000000)
  eden space 338944K, 100% used [0x00000000e0000000,0x00000000f4b00000,0x00000000f4b00000)
  from space 48128K, 30% used [0x00000000f4b00000,0x00000000f5950938,0x00000000f7a00000)
  to   space 46592K, 0% used [0x00000000fa480000,0x00000000fa480000,0x00000000fd200000)
 ParOldGen       total 247808K, used 104010K [0x00000000a0000000, 0x00000000af200000, 0x00000000e0000000)
  object space 247808K, 41% used [0x00000000a0000000,0x00000000a65928a8,0x00000000af200000)
 Metaspace       used 91985K, capacity 95796K, committed 95960K, reserved 1132544K
  class space    used 11962K, capacity 12763K, committed 12800K, reserved 1048576K
Event: 143.866 GC heap after
Heap after GC invocations=19 (full 3):
 PSYoungGen      total 385536K, used 46591K [0x00000000e0000000, 0x00000000fd200000, 0x0000000100000000)
  eden space 338944K, 0% used [0x00000000e0000000,0x00000000e0000000,0x00000000f4b00000)
  from space 46592K, 99% used [0x00000000fa480000,0x00000000fd1ffe40,0x00000000fd200000)
  to   space 48128K, 0% used [0x00000000f4b00000,0x00000000f4b00000,0x00000000f7a00000)
 ParOldGen       total 247808K, used 129577K [0x00000000a0000000, 0x00000000af200000, 0x00000000e0000000)
  object space 247808K, 52% used [0x00000000a0000000,0x00000000a7e8a418,0x00000000af200000)
 Metaspace       used 91985K, capacity 95796K, committed 95960K, reserved 1132544K
  class space    used 11962K, capacity 12763K, committed 12800K, reserved 1048576K
}
Event: 144.254 GC heap before
{Heap before GC invocations=20 (full 3):
 PSYoungGen      total 385536K, used 78939K [0x00000000e0000000, 0x00000000fd200000, 0x0000000100000000)
  eden space 338944K, 9% used [0x00000000e0000000,0x00000000e1f96df0,0x00000000f4b00000)
  from space 46592K, 99% used [0x00000000fa480000,0x00000000fd1ffe40,0x00000000fd200000)
  to   space 48128K, 0% used [0x00000000f4b00000,0x00000000f4b00000,0x00000000f7a00000)
 ParOldGen       total 247808K, used 129577K [0x00000000a0000000, 0x00000000af200000, 0x00000000e0000000)
  object space 247808K, 52% used [0x00000000a0000000,0x00000000a7e8a418,0x00000000af200000)
 Metaspace       used 94518K, capacity 98368K, committed 98496K, reserved 1134592K
  class space    used 12210K, capacity 13025K, committed 13056K, reserved 1048576K
Event: 144.303 GC heap after
Heap after GC invocations=20 (full 3):
 PSYoungGen      total 387072K, used 5068K [0x00000000e0000000, 0x00000000fd200000, 0x0000000100000000)
  eden space 338944K, 0% used [0x00000000e0000000,0x00000000e0000000,0x00000000f4b00000)
  from space 48128K, 10% used [0x00000000f4b00000,0x00000000f4ff33e8,0x00000000f7a00000)
  to   space 46592K, 0% used [0x00000000fa480000,0x00000000fa480000,0x00000000fd200000)
 ParOldGen       total 247808K, used 176037K [0x00000000a0000000, 0x00000000af200000, 0x00000000e0000000)
  object space 247808K, 71% used [0x00000000a0000000,0x00000000aabe94b8,0x00000000af200000)
 Metaspace       used 94518K, capacity 98368K, committed 98496K, reserved 1134592K
  class space    used 12210K, capacity 13025K, committed 13056K, reserved 1048576K
}
Event: 144.303 GC heap before
{Heap before GC invocations=21 (full 4):
 PSYoungGen      total 387072K, used 5068K [0x00000000e0000000, 0x00000000fd200000, 0x0000000100000000)
  eden space 338944K, 0% used [0x00000000e0000000,0x00000000e0000000,0x00000000f4b00000)
  from space 48128K, 10% used [0x00000000f4b00000,0x00000000f4ff33e8,0x00000000f7a00000)
  to   space 46592K, 0% used [0x00000000fa480000,0x00000000fa480000,0x00000000fd200000)
 ParOldGen       total 247808K, used 176037K [0x00000000a0000000, 0x00000000af200000, 0x00000000e0000000)
  object space 247808K, 71% used [0x00000000a0000000,0x00000000aabe94b8,0x00000000af200000)
 Metaspace       used 94518K, capacity 98368K, committed 98496K, reserved 1134592K
  class space    used 12210K, capacity 13025K, committed 13056K, reserved 1048576K
Event: 144.987 GC heap after
Heap after GC invocations=21 (full 4):
 PSYoungGen      total 387072K, used 0K [0x00000000e0000000, 0x00000000fd200000, 0x0000000100000000)
  eden space 338944K, 0% used [0x00000000e0000000,0x00000000e0000000,0x00000000f4b00000)
  from space 48128K, 0% used [0x00000000f4b00000,0x00000000f4b00000,0x00000000f7a00000)
  to   space 46592K, 0% used [0x00000000fa480000,0x00000000fa480000,0x00000000fd200000)
 ParOldGen       total 247808K, used 156738K [0x00000000a0000000, 0x00000000af200000, 0x00000000e0000000)
  object space 247808K, 63% used [0x00000000a0000000,0x00000000a9910ab0,0x00000000af200000)
 Metaspace       used 94518K, capacity 98368K, committed 98496K, reserved 1134592K
  class space    used 12210K, capacity 13025K, committed 13056K, reserved 1048576K
}
Event: 146.803 GC heap before
{Heap before GC invocations=22 (full 4):
 PSYoungGen      total 387072K, used 338944K [0x00000000e0000000, 0x00000000fd200000, 0x0000000100000000)
  eden space 338944K, 100% used [0x00000000e0000000,0x00000000f4b00000,0x00000000f4b00000)
  from space 48128K, 0% used [0x00000000f4b00000,0x00000000f4b00000,0x00000000f7a00000)
  to   space 46592K, 0% used [0x00000000fa480000,0x00000000fa480000,0x00000000fd200000)
 ParOldGen       total 247808K, used 156738K [0x00000000a0000000, 0x00000000af200000, 0x00000000e0000000)
  object space 247808K, 63% used [0x00000000a0000000,0x00000000a9910ab0,0x00000000af200000)
 Metaspace       used 100313K, capacity 104232K, committed 104640K, reserved 1140736K
  class space    used 12851K, capacity 13713K, committed 13824K, reserved 1048576K
Event: 147.005 GC heap after
Heap after GC invocations=22 (full 4):
 PSYoungGen      total 387072K, used 338944K [0x00000000e0000000, 0x00000000fd200000, 0x0000000100000000)
  eden space 338944K, 100% used [0x00000000e0000000,0x00000000f4b00000,0x00000000f4b00000)
  from space 48128K, 0% used [0x00000000f4b00000,0x00000000f4b00000,0x00000000f7a00000)
  to   space 46592K, 99% used [0x00000000fa480000,0x00000000fd1f9c30,0x00000000fd200000)
 ParOldGen       total 276480K, used 276477K [0x00000000a0000000, 0x00000000b0e00000, 0x00000000e0000000)
  object space 276480K, 99% used [0x00000000a0000000,0x00000000b0dff4d8,0x00000000b0e00000)
 Metaspace       used 100313K, capacity 104232K, committed 104640K, reserved 1140736K
  class space    used 12851K, capacity 13713K, committed 13824K, reserved 1048576K
}
Event: 147.005 GC heap before
{Heap before GC invocations=23 (full 5):
 PSYoungGen      total 387072K, used 338944K [0x00000000e0000000, 0x00000000fd200000, 0x0000000100000000)
  eden space 338944K, 100% used [0x00000000e0000000,0x00000000f4b00000,0x00000000f4b00000)
  from space 48128K, 0% used [0x00000000f4b00000,0x00000000f4b00000,0x00000000f7a00000)
  to   space 46592K, 99% used [0x00000000fa480000,0x00000000fd1f9c30,0x00000000fd200000)
 ParOldGen       total 276480K, used 276477K [0x00000000a0000000, 0x00000000b0e00000, 0x00000000e0000000)
  object space 276480K, 99% used [0x00000000a0000000,0x00000000b0dff4d8,0x00000000b0e00000)
 Metaspace       used 100313K, capacity 104232K, committed 104640K, reserved 1140736K
  class space    used 12851K, capacity 13713K, committed 13824K, reserved 1048576K
Event: 147.657 GC heap after
Heap after GC invocations=23 (full 5):
 PSYoungGen      total 387072K, used 0K [0x00000000e0000000, 0x00000000fd200000, 0x0000000100000000)
  eden space 338944K, 0% used [0x00000000e0000000,0x00000000e0000000,0x00000000f4b00000)
  from space 48128K, 0% used [0x00000000f4b00000,0x00000000f4b00000,0x00000000f7a00000)
  to   space 46592K, 0% used [0x00000000fa480000,0x00000000fa480000,0x00000000fd200000)
 ParOldGen       total 276480K, used 269207K [0x00000000a0000000, 0x00000000b0e00000, 0x00000000e0000000)
  object space 276480K, 97% used [0x00000000a0000000,0x00000000b06e5c48,0x00000000b0e00000)
 Metaspace       used 100313K, capacity 104232K, committed 104640K, reserved 1140736K
  class space    used 12851K, capacity 13713K, committed 13824K, reserved 1048576K
}

